build/app/intermediates/manifest_merge_blame_file/debug/manifest-merger-blame-debug-report.txt
1<?xml version="1.0" encoding="utf-8"?>
2<manifest xmlns:android="http://schemas.android.com/apk/res/android"
3    package="com.visit77.mobile"
4    android:versionCode="1"
5    android:versionName="1.0.0" >
6
7    <uses-sdk
8        android:minSdkVersion="21"
9        android:targetSdkVersion="35" />
10    <!--
11         The INTERNET permission is required for development. Specifically,
12         the Flutter tool needs it to communicate with the running application
13         to allow setting breakpoints, to provide hot reload, etc.
14    -->
15    <uses-permission android:name="android.permission.INTERNET" />
15-->src/debug/AndroidManifest.xml:6:5-66
15-->src/debug/AndroidManifest.xml:6:22-64
16    <!--
17     Required to query activities that can process text, see:
18         https://developer.android.com/training/package-visibility and
19         https://developer.android.com/reference/android/content/Intent#ACTION_PROCESS_TEXT.
20
21         In particular, this is used by the Flutter engine in io.flutter.plugin.text.ProcessTextPlugin.
22    -->
23    <queries>
23-->src/main/AndroidManifest.xml:48:5-53:15
24        <intent>
24-->src/main/AndroidManifest.xml:49:9-52:18
25            <action android:name="android.intent.action.PROCESS_TEXT" />
25-->src/main/AndroidManifest.xml:50:13-72
25-->src/main/AndroidManifest.xml:50:21-70
26
27            <data android:mimeType="text/plain" />
27-->src/main/AndroidManifest.xml:51:13-50
27-->src/main/AndroidManifest.xml:51:19-48
28        </intent>
29    </queries>
30
31    <permission
31-->[androidx.core:core:1.13.1] AndroidManifest.xml:22:5-24:47
32        android:name="com.visit77.mobile.DYNAMIC_RECEIVER_NOT_EXPORTED_PERMISSION"
32-->[androidx.core:core:1.13.1] AndroidManifest.xml:23:9-81
33        android:protectionLevel="signature" />
33-->[androidx.core:core:1.13.1] AndroidManifest.xml:24:9-44
34
35    <uses-permission android:name="com.visit77.mobile.DYNAMIC_RECEIVER_NOT_EXPORTED_PERMISSION" />
35-->[androidx.core:core:1.13.1] AndroidManifest.xml:26:5-97
35-->[androidx.core:core:1.13.1] AndroidManifest.xml:26:22-94
36
37    <application
38        android:name="android.app.Application"
39        android:appComponentFactory="androidx.core.app.CoreComponentFactory"
39-->[androidx.core:core:1.13.1] AndroidManifest.xml:28:18-86
40        android:debuggable="true"
41        android:extractNativeLibs="true"
42        android:icon="@mipmap/ic_launcher"
43        android:label="hotlist" >
44        <activity
45            android:name="com.visit77.mobile.MainActivity"
46            android:configChanges="orientation|keyboardHidden|keyboard|screenSize|smallestScreenSize|locale|layoutDirection|fontScale|screenLayout|density|uiMode"
47            android:exported="true"
48            android:hardwareAccelerated="true"
49            android:launchMode="singleTop"
50            android:taskAffinity=""
51            android:theme="@style/LaunchTheme"
52            android:windowSoftInputMode="adjustResize" >
53
54            <!--
55                 Specifies an Android theme to apply to this Activity as soon as
56                 the Android process has started. This theme is visible to the user
57                 while the Flutter UI initializes. After that, this theme continues
58                 to determine the Window background behind the Flutter UI.
59            -->
60            <meta-data
61                android:name="io.flutter.embedding.android.NormalTheme"
62                android:resource="@style/NormalTheme" />
63
64            <intent-filter>
65                <action android:name="android.intent.action.MAIN" />
66
67                <category android:name="android.intent.category.LAUNCHER" />
68            </intent-filter>
69
70            <meta-data
71                android:name="flutter_deeplinking_enabled"
72                android:value="true" />
73
74            <intent-filter android:autoVerify="true" >
75                <action android:name="android.intent.action.VIEW" />
76
77                <category android:name="android.intent.category.DEFAULT" />
78                <category android:name="android.intent.category.BROWSABLE" />
79
80                <data
80-->src/main/AndroidManifest.xml:51:13-50
81                    android:host="staging.visit77.com"
82                    android:pathPrefix="/"
83                    android:scheme="https" />
84            </intent-filter>
85        </activity>
86        <!--
87             Don't delete the meta-data below.
88             This is used by the Flutter tool to generate GeneratedPluginRegistrant.java
89        -->
90        <meta-data
91            android:name="flutterEmbedding"
92            android:value="2" />
93        <!--
94           Declares a provider which allows us to store files to share in
95           '.../caches/share_plus' and grant the receiving action access
96        -->
97        <provider
97-->[:share_plus] AndroidManifest.xml:13:9-21:20
98            android:name="dev.fluttercommunity.plus.share.ShareFileProvider"
98-->[:share_plus] AndroidManifest.xml:14:13-77
99            android:authorities="com.visit77.mobile.flutter.share_provider"
99-->[:share_plus] AndroidManifest.xml:15:13-74
100            android:exported="false"
100-->[:share_plus] AndroidManifest.xml:16:13-37
101            android:grantUriPermissions="true" >
101-->[:share_plus] AndroidManifest.xml:17:13-47
102            <meta-data
102-->[:share_plus] AndroidManifest.xml:18:13-20:68
103                android:name="android.support.FILE_PROVIDER_PATHS"
103-->[:share_plus] AndroidManifest.xml:19:17-67
104                android:resource="@xml/flutter_share_file_paths" />
104-->[:share_plus] AndroidManifest.xml:20:17-65
105        </provider>
106        <!--
107           This manifest declared broadcast receiver allows us to use an explicit
108           Intent when creating a PendingItent to be informed of the user's choice
109        -->
110        <receiver
110-->[:share_plus] AndroidManifest.xml:26:9-32:20
111            android:name="dev.fluttercommunity.plus.share.SharePlusPendingIntent"
111-->[:share_plus] AndroidManifest.xml:27:13-82
112            android:exported="false" >
112-->[:share_plus] AndroidManifest.xml:28:13-37
113            <intent-filter>
113-->[:share_plus] AndroidManifest.xml:29:13-31:29
114                <action android:name="EXTRA_CHOSEN_COMPONENT" />
114-->[:share_plus] AndroidManifest.xml:30:17-65
114-->[:share_plus] AndroidManifest.xml:30:25-62
115            </intent-filter>
116        </receiver>
117
118        <uses-library
118-->[androidx.window:window:1.2.0] AndroidManifest.xml:23:9-25:40
119            android:name="androidx.window.extensions"
119-->[androidx.window:window:1.2.0] AndroidManifest.xml:24:13-54
120            android:required="false" />
120-->[androidx.window:window:1.2.0] AndroidManifest.xml:25:13-37
121        <uses-library
121-->[androidx.window:window:1.2.0] AndroidManifest.xml:26:9-28:40
122            android:name="androidx.window.sidecar"
122-->[androidx.window:window:1.2.0] AndroidManifest.xml:27:13-51
123            android:required="false" />
123-->[androidx.window:window:1.2.0] AndroidManifest.xml:28:13-37
124
125        <provider
125-->[androidx.lifecycle:lifecycle-process:2.7.0] AndroidManifest.xml:24:9-32:20
126            android:name="androidx.startup.InitializationProvider"
126-->[androidx.lifecycle:lifecycle-process:2.7.0] AndroidManifest.xml:25:13-67
127            android:authorities="com.visit77.mobile.androidx-startup"
127-->[androidx.lifecycle:lifecycle-process:2.7.0] AndroidManifest.xml:26:13-68
128            android:exported="false" >
128-->[androidx.lifecycle:lifecycle-process:2.7.0] AndroidManifest.xml:27:13-37
129            <meta-data
129-->[androidx.lifecycle:lifecycle-process:2.7.0] AndroidManifest.xml:29:13-31:52
130                android:name="androidx.lifecycle.ProcessLifecycleInitializer"
130-->[androidx.lifecycle:lifecycle-process:2.7.0] AndroidManifest.xml:30:17-78
131                android:value="androidx.startup" />
131-->[androidx.lifecycle:lifecycle-process:2.7.0] AndroidManifest.xml:31:17-49
132            <meta-data
132-->[androidx.profileinstaller:profileinstaller:1.3.1] AndroidManifest.xml:29:13-31:52
133                android:name="androidx.profileinstaller.ProfileInstallerInitializer"
133-->[androidx.profileinstaller:profileinstaller:1.3.1] AndroidManifest.xml:30:17-85
134                android:value="androidx.startup" />
134-->[androidx.profileinstaller:profileinstaller:1.3.1] AndroidManifest.xml:31:17-49
135        </provider>
136
137        <receiver
137-->[androidx.profileinstaller:profileinstaller:1.3.1] AndroidManifest.xml:34:9-52:20
138            android:name="androidx.profileinstaller.ProfileInstallReceiver"
138-->[androidx.profileinstaller:profileinstaller:1.3.1] AndroidManifest.xml:35:13-76
139            android:directBootAware="false"
139-->[androidx.profileinstaller:profileinstaller:1.3.1] AndroidManifest.xml:36:13-44
140            android:enabled="true"
140-->[androidx.profileinstaller:profileinstaller:1.3.1] AndroidManifest.xml:37:13-35
141            android:exported="true"
141-->[androidx.profileinstaller:profileinstaller:1.3.1] AndroidManifest.xml:38:13-36
142            android:permission="android.permission.DUMP" >
142-->[androidx.profileinstaller:profileinstaller:1.3.1] AndroidManifest.xml:39:13-57
143            <intent-filter>
143-->[androidx.profileinstaller:profileinstaller:1.3.1] AndroidManifest.xml:40:13-42:29
144                <action android:name="androidx.profileinstaller.action.INSTALL_PROFILE" />
144-->[androidx.profileinstaller:profileinstaller:1.3.1] AndroidManifest.xml:41:17-91
144-->[androidx.profileinstaller:profileinstaller:1.3.1] AndroidManifest.xml:41:25-88
145            </intent-filter>
146            <intent-filter>
146-->[androidx.profileinstaller:profileinstaller:1.3.1] AndroidManifest.xml:43:13-45:29
147                <action android:name="androidx.profileinstaller.action.SKIP_FILE" />
147-->[androidx.profileinstaller:profileinstaller:1.3.1] AndroidManifest.xml:44:17-85
147-->[androidx.profileinstaller:profileinstaller:1.3.1] AndroidManifest.xml:44:25-82
148            </intent-filter>
149            <intent-filter>
149-->[androidx.profileinstaller:profileinstaller:1.3.1] AndroidManifest.xml:46:13-48:29
150                <action android:name="androidx.profileinstaller.action.SAVE_PROFILE" />
150-->[androidx.profileinstaller:profileinstaller:1.3.1] AndroidManifest.xml:47:17-88
150-->[androidx.profileinstaller:profileinstaller:1.3.1] AndroidManifest.xml:47:25-85
151            </intent-filter>
152            <intent-filter>
152-->[androidx.profileinstaller:profileinstaller:1.3.1] AndroidManifest.xml:49:13-51:29
153                <action android:name="androidx.profileinstaller.action.BENCHMARK_OPERATION" />
153-->[androidx.profileinstaller:profileinstaller:1.3.1] AndroidManifest.xml:50:17-95
153-->[androidx.profileinstaller:profileinstaller:1.3.1] AndroidManifest.xml:50:25-92
154            </intent-filter>
155        </receiver>
156    </application>
157
158</manifest>